2020-09-17 19:04:00 pycos - version 4.8.15 with epoll I/O notifier
2020-09-17 19:04:00 dispy - dispy client version: 4.12.2
2020-09-17 19:04:00 dispy - Storing fault recovery information in "_dispy_20200917190400"
0 0: -223.06640625: -589.056484375: -935.3203125
1 1: -211.5859375: -532.1868359375: -1009.4921875
2 2: -217.16796875: -479.508671875: -784.81640625
3 3: -216.671875: -454.33359375: -814.9609375
4 4: -183.05859375: -420.70904296875: -693.6640625
5 5: -185.69140625: -385.98974609375: -675.62890625
6 6: -150.515625: -365.4655078125: -641.6015625
7 7: -142.0859375: -340.81595703125: -690.765625
8 8: -123.125: -332.853515625: -670.875
9 9: -115.98828125: -311.44337890625: -660.6328125
10 10: -109.67578125: -300.9082421875: -603.2109375
11 11: -84.88671875: -266.07599609375: -527.11328125
12 12: -85.48828125: -253.7220703125: -520.8125
13 13: -55.02734375: -232.586015625: -468.26171875
14 14: -45.44140625: -223.49720703125: -528.984375
15 15: -35.10546875: -206.53572265625: -421.3359375
16 16: -37.765625: -204.18287109375: -449.2109375
17 17: -39.48046875: -195.37302734375: -380.9375
18 18: -42.75390625: -178.99203125: -391.18359375
19 19: -29.3125: -177.08978515625: -465.16796875
20 20: -37.62109375: -165.19283203125: -359.77734375
21 21: -21.5: -148.2380859375: -363.4609375
22 22: -18.8984375: -136.7512890625: -314.15625
23 23: -15.03515625: -133.66623046875: -377.828125
24 24: -31.41015625: -120.845390625: -303.546875
25 25: -24.40234375: -103.6420703125: -281.2578125
26 26: -15.4140625: -99.4155078125: -246.15234375
27 27: -16.4296875: -93.2051953125: -219.06640625
28 28: -11.1875: -86.26900390625: -220.828125
29 29: -11.58984375: -83.10107421875: -234.3671875
30 30: -9.6484375: -70.38625: -220.90234375
31 31: -9.44921875: -71.26494140625: -229.4453125
32 32: -10.51953125: -63.60166015625: -184.70703125
33 33: -10.66015625: -60.46767578125: -169.69140625
34 34: -8.76953125: -51.75060546875: -148.0625
35 35: -2.328125: -50.0397265625: -142.48046875
36 36: 0.078125: -48.6793359375: -154.84375
37 37: -0.67578125: -43.49919921875: -166.421875
38 38: 0.484375: -38.60576171875: -162.91796875
39 39: -0.23046875: -39.06962890625: -128.984375
40 40: 1.6953125: -37.691015625: -131.4765625
41 41: -2.765625: -35.0637890625: -110.86328125
42 42: 1.2734375: -32.0556640625: -97.43359375
43 43: -0.3203125: -27.361875: -96.05078125
44 44: 2.09765625: -26.07806640625: -114.94140625
45 45: 1.296875: -21.55705078125: -86.33203125
46 46: 3.11328125: -20.43103515625: -82.5625
47 47: 1.640625: -20.20748046875: -127.33984375
48 48: 1.40234375: -18.1329296875: -111.27734375
49 49: 2.3828125: -18.68015625: -114.60546875
50 50: 2.0703125: -16.49390625: -108.0390625
51 51: 3.05078125: -17.7926953125: -126.12109375
52 52: 3.36328125: -17.10087890625: -107.1484375
53 53: 2.4296875: -16.825: -114.55859375
54 54: 3.0625: -16.88466796875: -88.70703125
55 55: 2.34375: -16.5866796875: -83.51953125
56 56: 1.86328125: -14.4273046875: -80.2890625
57 57: 2.2734375: -15.3030859375: -158.21875
58 58: 2.72265625: -13.90509765625: -94.5625
59 59: 2.234375: -14.54625: -65.10546875
60 60: 2.8984375: -14.12291015625: -87.53125
61 61: 3.71875: -11.55470703125: -61.50390625
62 62: 2.2890625: -14.0441015625: -120.36328125
63 63: 3.74609375: -12.33744140625: -86.64453125
64 64: 2.7265625: -12.04671875: -63.703125
65 65: 3.18359375: -14.95720703125: -89.3828125
66 66: 3.49609375: -13.74193359375: -116.09765625
67 67: 3.4921875: -15.06234375: -83.375
68 68: 3.51953125: -12.30515625: -114.80859375
69 69: 4.62890625: -13.14716796875: -147.359375
70 70: 4.5625: -12.07154296875: -97.44921875
71 71: 2.59765625: -11.3812890625: -74.7421875
72 72: 3.296875: -12.0811328125: -68.8984375
73 73: 4.48046875: -10.5321484375: -94.80859375
74 74: 4.83203125: -9.89818359375: -58.8125
75 75: 3.09375: -12.0455078125: -93.171875
76 76: 3.96875: -13.39955078125: -99.28515625
77 77: 4.69140625: -11.86759765625: -73.02734375
78 78: 3.9453125: -11.78822265625: -83.73046875
79 79: 4.80078125: -10.132890625: -108.9609375
80 80: 5.80078125: -9.136328125: -64.19140625
81 81: 4.54296875: -10.53861328125: -101.421875
82 82: 5.1484375: -9.06220703125: -93.43359375
83 83: 6.46484375: -9.9965234375: -78.953125
84 84: 5.5: -10.81765625: -133.5234375
85 85: 7.65625: -9.617578125: -68.6328125
86 86: 5.51171875: -8.45076171875: -136.28125
87 87: 5.30859375: -10.43134765625: -85.47265625
88 88: 5.84375: -8.971953125: -116.47265625
89 89: 6.0: -8.97392578125: -146.93359375
90 90: 6.5546875: -9.50037109375: -65.1796875
91 91: 5.51171875: -9.91662109375: -93.59375
92 92: 6.09765625: -8.63275390625: -69.16796875
93 93: 6.36328125: -9.02212890625: -93.5078125
94 94: 6.3828125: -9.301328125: -83.84375
95 95: 5.73828125: -8.77080078125: -77.90234375
96 96: 4.73046875: -8.56013671875: -69.85546875
97 97: 5.83203125: -8.660703125: -172.859375
98 98: 6.9609375: -8.94560546875: -83.19921875
99 99: 5.9296875: -7.26361328125: -123.8984375
100 100: 5.85546875: -6.77556640625: -54.63671875
101 101: 6.94921875: -5.242734375: -58.74609375
102 102: 6.58203125: -6.2284375: -116.09375
103 103: 5.51953125: -7.264921875: -100.515625
104 104: 6.5546875: -5.00814453125: -45.4609375
105 105: 6.78125: -5.97646484375: -112.7734375
106 106: 5.90234375: -6.36859375: -73.1484375
107 107: 6.83203125: -8.2704296875: -102.6640625
108 108: 4.984375: -7.76626953125: -103.53125
109 109: 6.3125: -6.2684765625: -55.97265625
110 110: 6.4375: -4.9859375: -50.234375
111 111: 4.98828125: -4.9670703125: -129.4765625
112 112: 5.9140625: -5.16501953125: -120.21875
113 113: 5.58984375: -6.6685546875: -82.37109375
114 114: 6.55078125: -6.4459375: -139.34375
115 115: 6.22265625: -5.5718359375: -59.15625
116 116: 5.9921875: -5.303671875: -83.19140625
117 117: 5.43359375: -4.37611328125: -65.609375
118 118: 5.296875: -4.7210546875: -113.98828125
119 119: 5.484375: -5.02111328125: -48.4609375
120 120: 7.4375: -4.74685546875: -59.32421875
121 121: 6.328125: -4.337109375: -83.75
122 122: 6.66796875: -5.36484375: -66.6875
123 123: 6.40625: -5.4763671875: -58.29296875
124 124: 6.7421875: -3.10859375: -78.8125
125 125: 6.30078125: -5.0758203125: -76.96484375
126 126: 6.09765625: -3.4071484375: -69.12109375
