[I 17:53:28.391 NotebookApp] Serving notebooks from local directory: /home/orin/Learning/Notebook
[I 17:53:28.391 NotebookApp] The Jupyter Notebook is running at:
[I 17:53:28.391 NotebookApp] http://192.168.0.8:8301/
[I 17:53:28.391 NotebookApp] Use Control-C to stop this server and shut down all kernels (twice to skip confirmation).
[W 17:54:07.349 NotebookApp] Notebook Genetic Algorithms.ipynb is not trusted
[I 17:54:07.966 NotebookApp] Kernel started: 5ab01a77-9d6d-471a-ac07-c83428f95726
[W 17:54:08.093 NotebookApp] 404 GET /nbextensions/widgets/notebook/js/extension.js?v=20200902175328 (192.168.0.80) 10.24ms referer=http://192.168.0.8:8301/notebooks/Genetic%20Algorithms.ipynb
[I 17:54:08.449 NotebookApp] Adapting to protocol v5.1 for kernel 5ab01a77-9d6d-471a-ac07-c83428f95726
[I 17:58:27.902 NotebookApp] Saving file at /Genetic Algorithms.ipynb
[W 17:58:27.903 NotebookApp] Notebook Genetic Algorithms.ipynb is not trusted
[I 17:59:19.808 NotebookApp] Kernel interrupted: 5ab01a77-9d6d-471a-ac07-c83428f95726
[I 18:00:08.044 NotebookApp] Saving file at /Genetic Algorithms.ipynb
[W 18:00:08.044 NotebookApp] Notebook Genetic Algorithms.ipynb is not trusted
[I 18:02:08.088 NotebookApp] Saving file at /Genetic Algorithms.ipynb
[W 18:02:08.088 NotebookApp] Notebook Genetic Algorithms.ipynb is not trusted
[I 18:03:35.054 NotebookApp] Kernel interrupted: 5ab01a77-9d6d-471a-ac07-c83428f95726
[I 18:04:08.263 NotebookApp] Saving file at /Genetic Algorithms.ipynb
[W 18:04:08.264 NotebookApp] Notebook Genetic Algorithms.ipynb is not trusted
[I 18:05:14.676 NotebookApp] Kernel interrupted: 5ab01a77-9d6d-471a-ac07-c83428f95726
[I 18:06:08.149 NotebookApp] Saving file at /Genetic Algorithms.ipynb
[W 18:06:08.149 NotebookApp] Notebook Genetic Algorithms.ipynb is not trusted
[I 18:08:08.311 NotebookApp] Saving file at /Genetic Algorithms.ipynb
[W 18:08:08.311 NotebookApp] Notebook Genetic Algorithms.ipynb is not trusted
[I 18:10:08.359 NotebookApp] Saving file at /Genetic Algorithms.ipynb
[W 18:10:08.360 NotebookApp] Notebook Genetic Algorithms.ipynb is not trusted
[I 18:12:08.612 NotebookApp] Saving file at /Genetic Algorithms.ipynb
[W 18:12:08.612 NotebookApp] Notebook Genetic Algorithms.ipynb is not trusted
[I 18:14:09.369 NotebookApp] Saving file at /Genetic Algorithms.ipynb
[W 18:14:09.369 NotebookApp] Notebook Genetic Algorithms.ipynb is not trusted
[I 18:16:09.732 NotebookApp] Saving file at /Genetic Algorithms.ipynb
[W 18:16:09.732 NotebookApp] Notebook Genetic Algorithms.ipynb is not trusted
[I 18:18:10.143 NotebookApp] Saving file at /Genetic Algorithms.ipynb
[W 18:18:10.143 NotebookApp] Notebook Genetic Algorithms.ipynb is not trusted
[I 18:20:10.326 NotebookApp] Saving file at /Genetic Algorithms.ipynb
[W 18:20:10.327 NotebookApp] Notebook Genetic Algorithms.ipynb is not trusted
[I 18:22:09.334 NotebookApp] Saving file at /Genetic Algorithms.ipynb
[W 18:22:09.334 NotebookApp] Notebook Genetic Algorithms.ipynb is not trusted
[I 18:24:09.155 NotebookApp] Saving file at /Genetic Algorithms.ipynb
[W 18:24:09.156 NotebookApp] Notebook Genetic Algorithms.ipynb is not trusted
[I 18:26:09.173 NotebookApp] Saving file at /Genetic Algorithms.ipynb
[W 18:26:09.173 NotebookApp] Notebook Genetic Algorithms.ipynb is not trusted
[I 18:28:09.373 NotebookApp] Saving file at /Genetic Algorithms.ipynb
[W 18:28:09.374 NotebookApp] Notebook Genetic Algorithms.ipynb is not trusted
[I 18:30:09.420 NotebookApp] Saving file at /Genetic Algorithms.ipynb
[W 18:30:09.421 NotebookApp] Notebook Genetic Algorithms.ipynb is not trusted
[I 18:32:09.688 NotebookApp] Saving file at /Genetic Algorithms.ipynb
[W 18:32:09.688 NotebookApp] Notebook Genetic Algorithms.ipynb is not trusted
[I 18:34:09.643 NotebookApp] Saving file at /Genetic Algorithms.ipynb
[W 18:34:09.644 NotebookApp] Notebook Genetic Algorithms.ipynb is not trusted
[I 18:36:09.633 NotebookApp] Saving file at /Genetic Algorithms.ipynb
[W 18:36:09.634 NotebookApp] Notebook Genetic Algorithms.ipynb is not trusted
[I 18:38:10.033 NotebookApp] Saving file at /Genetic Algorithms.ipynb
[W 18:38:10.033 NotebookApp] Notebook Genetic Algorithms.ipynb is not trusted
[I 18:40:09.901 NotebookApp] Saving file at /Genetic Algorithms.ipynb
[W 18:40:09.901 NotebookApp] Notebook Genetic Algorithms.ipynb is not trusted
[I 18:42:09.932 NotebookApp] Saving file at /Genetic Algorithms.ipynb
[W 18:42:09.933 NotebookApp] Notebook Genetic Algorithms.ipynb is not trusted
[I 18:44:09.818 NotebookApp] Saving file at /Genetic Algorithms.ipynb
[W 18:44:09.819 NotebookApp] Notebook Genetic Algorithms.ipynb is not trusted
[I 18:46:10.099 NotebookApp] Saving file at /Genetic Algorithms.ipynb
[W 18:46:10.100 NotebookApp] Notebook Genetic Algorithms.ipynb is not trusted
[I 18:48:10.591 NotebookApp] Saving file at /Genetic Algorithms.ipynb
[W 18:48:10.592 NotebookApp] Notebook Genetic Algorithms.ipynb is not trusted
[I 18:50:10.744 NotebookApp] Saving file at /Genetic Algorithms.ipynb
[W 18:50:10.746 NotebookApp] Notebook Genetic Algorithms.ipynb is not trusted
[I 18:52:10.504 NotebookApp] Saving file at /Genetic Algorithms.ipynb
[W 18:52:10.506 NotebookApp] Notebook Genetic Algorithms.ipynb is not trusted
[I 18:54:11.524 NotebookApp] Saving file at /Genetic Algorithms.ipynb
[W 18:54:11.555 NotebookApp] Notebook Genetic Algorithms.ipynb is not trusted
[I 18:56:11.353 NotebookApp] Saving file at /Genetic Algorithms.ipynb
[W 18:56:11.355 NotebookApp] Notebook Genetic Algorithms.ipynb is not trusted
[I 18:58:11.481 NotebookApp] Saving file at /Genetic Algorithms.ipynb
[W 18:58:11.482 NotebookApp] Notebook Genetic Algorithms.ipynb is not trusted
[I 19:00:10.609 NotebookApp] Saving file at /Genetic Algorithms.ipynb
[W 19:00:10.610 NotebookApp] Notebook Genetic Algorithms.ipynb is not trusted
[I 19:02:11.596 NotebookApp] Saving file at /Genetic Algorithms.ipynb
[W 19:02:11.597 NotebookApp] Notebook Genetic Algorithms.ipynb is not trusted
[I 19:04:12.576 NotebookApp] Saving file at /Genetic Algorithms.ipynb
[W 19:04:12.577 NotebookApp] Notebook Genetic Algorithms.ipynb is not trusted
[I 19:06:14.462 NotebookApp] Saving file at /Genetic Algorithms.ipynb
[W 19:06:14.463 NotebookApp] Notebook Genetic Algorithms.ipynb is not trusted
[I 19:07:28.380 NotebookApp] Kernel interrupted: 5ab01a77-9d6d-471a-ac07-c83428f95726
[I 19:08:17.635 NotebookApp] Saving file at /Genetic Algorithms.ipynb
[W 19:08:17.636 NotebookApp] Notebook Genetic Algorithms.ipynb is not trusted
[I 16:28:33.514 NotebookApp] Saving file at /Genetic Algorithms.ipynb
[W 16:28:33.515 NotebookApp] Notebook Genetic Algorithms.ipynb is not trusted
[I 16:30:22.283 NotebookApp] Saving file at /Genetic Algorithms.ipynb
[W 16:30:22.284 NotebookApp] Notebook Genetic Algorithms.ipynb is not trusted
[I 16:31:54.017 NotebookApp] Saving file at /Genetic Algorithms.ipynb
[W 16:31:54.019 NotebookApp] Notebook Genetic Algorithms.ipynb is not trusted
[I 16:32:26.239 NotebookApp] Saving file at /Genetic Algorithms.ipynb
[W 16:32:26.240 NotebookApp] Notebook Genetic Algorithms.ipynb is not trusted
[I 16:32:56.399 NotebookApp] Saving file at /Genetic Algorithms.ipynb
[W 16:32:56.400 NotebookApp] Notebook Genetic Algorithms.ipynb is not trusted
[I 16:33:04.431 NotebookApp] Saving file at /Genetic Algorithms.ipynb
[W 16:33:04.432 NotebookApp] Notebook Genetic Algorithms.ipynb is not trusted
[I 16:37:34.643 NotebookApp] Saving file at /Genetic Algorithms.ipynb
[W 16:37:34.644 NotebookApp] Notebook Genetic Algorithms.ipynb is not trusted
[I 16:39:23.176 NotebookApp] Saving file at /Genetic Algorithms.ipynb
[W 16:39:23.177 NotebookApp] Notebook Genetic Algorithms.ipynb is not trusted
[I 16:41:09.393 NotebookApp] Kernel interrupted: 5ab01a77-9d6d-471a-ac07-c83428f95726
[I 16:42:04.983 NotebookApp] Saving file at /Genetic Algorithms.ipynb
[W 16:42:04.984 NotebookApp] Notebook Genetic Algorithms.ipynb is not trusted
[I 16:46:34.431 NotebookApp] Saving file at /Genetic Algorithms.ipynb
[W 16:46:34.431 NotebookApp] Notebook Genetic Algorithms.ipynb is not trusted
[I 16:51:05.042 NotebookApp] Saving file at /Genetic Algorithms.ipynb
[W 16:51:05.042 NotebookApp] Notebook Genetic Algorithms.ipynb is not trusted
[I 16:55:34.737 NotebookApp] Saving file at /Genetic Algorithms.ipynb
[W 16:55:34.737 NotebookApp] Notebook Genetic Algorithms.ipynb is not trusted
[I 17:00:04.683 NotebookApp] Saving file at /Genetic Algorithms.ipynb
[W 17:00:04.684 NotebookApp] Notebook Genetic Algorithms.ipynb is not trusted
[I 17:04:34.248 NotebookApp] Saving file at /Genetic Algorithms.ipynb
[W 17:04:34.248 NotebookApp] Notebook Genetic Algorithms.ipynb is not trusted
[I 17:09:05.212 NotebookApp] Saving file at /Genetic Algorithms.ipynb
[W 17:09:05.212 NotebookApp] Notebook Genetic Algorithms.ipynb is not trusted
[I 17:13:34.864 NotebookApp] Saving file at /Genetic Algorithms.ipynb
[W 17:13:34.864 NotebookApp] Notebook Genetic Algorithms.ipynb is not trusted
[I 17:18:05.033 NotebookApp] Saving file at /Genetic Algorithms.ipynb
[W 17:18:05.033 NotebookApp] Notebook Genetic Algorithms.ipynb is not trusted
[I 17:22:34.618 NotebookApp] Saving file at /Genetic Algorithms.ipynb
[W 17:22:34.618 NotebookApp] Notebook Genetic Algorithms.ipynb is not trusted
[I 17:27:04.559 NotebookApp] Saving file at /Genetic Algorithms.ipynb
[W 17:27:04.559 NotebookApp] Notebook Genetic Algorithms.ipynb is not trusted
[I 17:31:34.882 NotebookApp] Saving file at /Genetic Algorithms.ipynb
[W 17:31:34.882 NotebookApp] Notebook Genetic Algorithms.ipynb is not trusted
[I 17:36:04.471 NotebookApp] Saving file at /Genetic Algorithms.ipynb
[W 17:36:04.471 NotebookApp] Notebook Genetic Algorithms.ipynb is not trusted
[I 17:40:34.465 NotebookApp] Saving file at /Genetic Algorithms.ipynb
[W 17:40:34.465 NotebookApp] Notebook Genetic Algorithms.ipynb is not trusted
[I 17:45:04.268 NotebookApp] Saving file at /Genetic Algorithms.ipynb
[W 17:45:04.268 NotebookApp] Notebook Genetic Algorithms.ipynb is not trusted
[I 17:49:34.236 NotebookApp] Saving file at /Genetic Algorithms.ipynb
[W 17:49:34.236 NotebookApp] Notebook Genetic Algorithms.ipynb is not trusted
[I 17:54:04.387 NotebookApp] Saving file at /Genetic Algorithms.ipynb
[W 17:54:04.387 NotebookApp] Notebook Genetic Algorithms.ipynb is not trusted
[I 17:58:35.384 NotebookApp] Saving file at /Genetic Algorithms.ipynb
[W 17:58:35.384 NotebookApp] Notebook Genetic Algorithms.ipynb is not trusted
[I 18:03:04.558 NotebookApp] Saving file at /Genetic Algorithms.ipynb
[W 18:03:04.558 NotebookApp] Notebook Genetic Algorithms.ipynb is not trusted
[I 18:07:34.247 NotebookApp] Saving file at /Genetic Algorithms.ipynb
[W 18:07:34.247 NotebookApp] Notebook Genetic Algorithms.ipynb is not trusted
[I 18:12:04.231 NotebookApp] Saving file at /Genetic Algorithms.ipynb
[W 18:12:04.231 NotebookApp] Notebook Genetic Algorithms.ipynb is not trusted
[I 18:16:34.315 NotebookApp] Saving file at /Genetic Algorithms.ipynb
[W 18:16:34.315 NotebookApp] Notebook Genetic Algorithms.ipynb is not trusted
[I 18:21:04.211 NotebookApp] Saving file at /Genetic Algorithms.ipynb
[W 18:21:04.211 NotebookApp] Notebook Genetic Algorithms.ipynb is not trusted
[I 18:25:34.181 NotebookApp] Saving file at /Genetic Algorithms.ipynb
[W 18:25:34.181 NotebookApp] Notebook Genetic Algorithms.ipynb is not trusted
[I 18:30:04.210 NotebookApp] Saving file at /Genetic Algorithms.ipynb
[W 18:30:04.210 NotebookApp] Notebook Genetic Algorithms.ipynb is not trusted
[I 18:34:34.241 NotebookApp] Saving file at /Genetic Algorithms.ipynb
[W 18:34:34.241 NotebookApp] Notebook Genetic Algorithms.ipynb is not trusted
[I 18:39:04.247 NotebookApp] Saving file at /Genetic Algorithms.ipynb
[W 18:39:04.247 NotebookApp] Notebook Genetic Algorithms.ipynb is not trusted
[I 18:43:34.280 NotebookApp] Saving file at /Genetic Algorithms.ipynb
[W 18:43:34.281 NotebookApp] Notebook Genetic Algorithms.ipynb is not trusted
[I 18:48:04.268 NotebookApp] Saving file at /Genetic Algorithms.ipynb
[W 18:48:04.269 NotebookApp] Notebook Genetic Algorithms.ipynb is not trusted
[I 18:52:34.371 NotebookApp] Saving file at /Genetic Algorithms.ipynb
[W 18:52:34.372 NotebookApp] Notebook Genetic Algorithms.ipynb is not trusted
[I 18:57:04.216 NotebookApp] Saving file at /Genetic Algorithms.ipynb
[W 18:57:04.216 NotebookApp] Notebook Genetic Algorithms.ipynb is not trusted
[I 19:01:34.237 NotebookApp] Saving file at /Genetic Algorithms.ipynb
[W 19:01:34.237 NotebookApp] Notebook Genetic Algorithms.ipynb is not trusted
[I 19:02:57.461 NotebookApp] Kernel interrupted: 5ab01a77-9d6d-471a-ac07-c83428f95726
[I 19:06:04.281 NotebookApp] Saving file at /Genetic Algorithms.ipynb
[W 19:06:04.282 NotebookApp] Notebook Genetic Algorithms.ipynb is not trusted
[I 19:10:34.210 NotebookApp] Saving file at /Genetic Algorithms.ipynb
[W 19:10:34.211 NotebookApp] Notebook Genetic Algorithms.ipynb is not trusted
[I 19:15:04.244 NotebookApp] Saving file at /Genetic Algorithms.ipynb
[W 19:15:04.245 NotebookApp] Notebook Genetic Algorithms.ipynb is not trusted
[I 19:19:34.167 NotebookApp] Saving file at /Genetic Algorithms.ipynb
[W 19:19:34.167 NotebookApp] Notebook Genetic Algorithms.ipynb is not trusted
[I 19:20:47.595 NotebookApp] Kernel interrupted: 5ab01a77-9d6d-471a-ac07-c83428f95726
[I 19:24:04.259 NotebookApp] Saving file at /Genetic Algorithms.ipynb
[W 19:24:04.259 NotebookApp] Notebook Genetic Algorithms.ipynb is not trusted
[I 19:51:04.261 NotebookApp] Saving file at /Genetic Algorithms.ipynb
[W 19:51:04.262 NotebookApp] Notebook Genetic Algorithms.ipynb is not trusted
[I 19:52:07.645 NotebookApp] Kernel interrupted: 5ab01a77-9d6d-471a-ac07-c83428f95726
[I 19:55:34.278 NotebookApp] Saving file at /Genetic Algorithms.ipynb
[W 19:55:34.279 NotebookApp] Notebook Genetic Algorithms.ipynb is not trusted
[I 20:00:04.306 NotebookApp] Saving file at /Genetic Algorithms.ipynb
[W 20:00:04.306 NotebookApp] Notebook Genetic Algorithms.ipynb is not trusted
[I 20:04:34.282 NotebookApp] Saving file at /Genetic Algorithms.ipynb
[W 20:04:34.283 NotebookApp] Notebook Genetic Algorithms.ipynb is not trusted
[I 20:07:01.559 NotebookApp] Kernel interrupted: 5ab01a77-9d6d-471a-ac07-c83428f95726
[I 20:09:04.253 NotebookApp] Saving file at /Genetic Algorithms.ipynb
[W 20:09:04.253 NotebookApp] Notebook Genetic Algorithms.ipynb is not trusted
[I 20:13:34.253 NotebookApp] Saving file at /Genetic Algorithms.ipynb
[W 20:13:34.253 NotebookApp] Notebook Genetic Algorithms.ipynb is not trusted
[I 20:18:04.292 NotebookApp] Saving file at /Genetic Algorithms.ipynb
[W 20:18:04.293 NotebookApp] Notebook Genetic Algorithms.ipynb is not trusted
[I 20:22:34.291 NotebookApp] Saving file at /Genetic Algorithms.ipynb
[W 20:22:34.292 NotebookApp] Notebook Genetic Algorithms.ipynb is not trusted
[I 20:27:04.319 NotebookApp] Saving file at /Genetic Algorithms.ipynb
[W 20:27:04.319 NotebookApp] Notebook Genetic Algorithms.ipynb is not trusted
[I 20:31:34.257 NotebookApp] Saving file at /Genetic Algorithms.ipynb
[W 20:31:34.257 NotebookApp] Notebook Genetic Algorithms.ipynb is not trusted
[I 20:36:04.307 NotebookApp] Saving file at /Genetic Algorithms.ipynb
[W 20:36:04.307 NotebookApp] Notebook Genetic Algorithms.ipynb is not trusted
[I 20:40:34.364 NotebookApp] Saving file at /Genetic Algorithms.ipynb
[W 20:40:34.365 NotebookApp] Notebook Genetic Algorithms.ipynb is not trusted
[I 20:45:04.278 NotebookApp] Saving file at /Genetic Algorithms.ipynb
[W 20:45:04.278 NotebookApp] Notebook Genetic Algorithms.ipynb is not trusted
[I 20:49:34.265 NotebookApp] Saving file at /Genetic Algorithms.ipynb
[W 20:49:34.265 NotebookApp] Notebook Genetic Algorithms.ipynb is not trusted
[I 20:54:04.275 NotebookApp] Saving file at /Genetic Algorithms.ipynb
[W 20:54:04.276 NotebookApp] Notebook Genetic Algorithms.ipynb is not trusted
[I 20:58:34.337 NotebookApp] Saving file at /Genetic Algorithms.ipynb
[W 20:58:34.337 NotebookApp] Notebook Genetic Algorithms.ipynb is not trusted
[I 21:03:04.299 NotebookApp] Saving file at /Genetic Algorithms.ipynb
[W 21:03:04.299 NotebookApp] Notebook Genetic Algorithms.ipynb is not trusted
[I 21:07:34.382 NotebookApp] Saving file at /Genetic Algorithms.ipynb
[W 21:07:34.382 NotebookApp] Notebook Genetic Algorithms.ipynb is not trusted
[I 21:12:04.271 NotebookApp] Saving file at /Genetic Algorithms.ipynb
[W 21:12:04.272 NotebookApp] Notebook Genetic Algorithms.ipynb is not trusted
[I 21:16:34.378 NotebookApp] Saving file at /Genetic Algorithms.ipynb
[W 21:16:34.379 NotebookApp] Notebook Genetic Algorithms.ipynb is not trusted
[I 21:21:04.178 NotebookApp] Saving file at /Genetic Algorithms.ipynb
[W 21:21:04.178 NotebookApp] Notebook Genetic Algorithms.ipynb is not trusted
[I 21:25:34.211 NotebookApp] Saving file at /Genetic Algorithms.ipynb
[W 21:25:34.211 NotebookApp] Notebook Genetic Algorithms.ipynb is not trusted
[I 21:30:04.372 NotebookApp] Saving file at /Genetic Algorithms.ipynb
[W 21:30:04.372 NotebookApp] Notebook Genetic Algorithms.ipynb is not trusted
[I 21:34:34.220 NotebookApp] Saving file at /Genetic Algorithms.ipynb
[W 21:34:34.220 NotebookApp] Notebook Genetic Algorithms.ipynb is not trusted
[I 21:39:04.377 NotebookApp] Saving file at /Genetic Algorithms.ipynb
[W 21:39:04.378 NotebookApp] Notebook Genetic Algorithms.ipynb is not trusted
[I 21:39:11.424 NotebookApp] Saving file at /Genetic Algorithms.ipynb
[W 21:39:11.424 NotebookApp] Notebook Genetic Algorithms.ipynb is not trusted
[I 21:39:13.859 NotebookApp] Kernel interrupted: 5ab01a77-9d6d-471a-ac07-c83428f95726
[I 21:39:30.441 NotebookApp] Kernel interrupted: 5ab01a77-9d6d-471a-ac07-c83428f95726
[I 21:42:58.143 NotebookApp] Saving file at /Genetic Algorithms.ipynb
[W 21:42:58.144 NotebookApp] Notebook Genetic Algorithms.ipynb is not trusted
[I 21:43:34.320 NotebookApp] Saving file at /Genetic Algorithms.ipynb
[W 21:43:34.320 NotebookApp] Notebook Genetic Algorithms.ipynb is not trusted
[I 21:44:10.158 NotebookApp] Kernel interrupted: 5ab01a77-9d6d-471a-ac07-c83428f95726
[I 21:44:11.833 NotebookApp] Saving file at /Genetic Algorithms.ipynb
[W 21:44:11.834 NotebookApp] Notebook Genetic Algorithms.ipynb is not trusted
